[Wed Jun 30 09:32:05.833594 2021] [ssl:warn] [pid 13340:tid 572] AH01909: www.example.com:443:0 server certificate does NOT include an ID which matches the server name
[Wed Jun 30 09:32:05.989801 2021] [ssl:warn] [pid 13340:tid 572] AH01909: www.example.com:443:0 server certificate does NOT include an ID which matches the server name
[Wed Jun 30 09:32:06.100628 2021] [mpm_winnt:notice] [pid 13340:tid 572] AH00455: Apache/2.4.48 (Win64) OpenSSL/1.1.1k PHP/8.0.7 configured -- resuming normal operations
[Wed Jun 30 09:32:06.100628 2021] [mpm_winnt:notice] [pid 13340:tid 572] AH00456: Apache Lounge VS16 Server built: May 18 2021 10:45:56
[Wed Jun 30 09:32:06.100628 2021] [core:notice] [pid 13340:tid 572] AH00094: Command line: 'C:\\xampp\\apache\\bin\\httpd.exe -d C:/xampp/apache'
[Wed Jun 30 09:32:06.116259 2021] [mpm_winnt:notice] [pid 13340:tid 572] AH00418: Parent: Created child process 14052
[Wed Jun 30 09:32:08.216335 2021] [ssl:warn] [pid 14052:tid 608] AH01909: www.example.com:443:0 server certificate does NOT include an ID which matches the server name
[Wed Jun 30 09:32:08.325686 2021] [ssl:warn] [pid 14052:tid 608] AH01909: www.example.com:443:0 server certificate does NOT include an ID which matches the server name
[Wed Jun 30 09:32:08.388171 2021] [mpm_winnt:notice] [pid 14052:tid 608] AH00354: Child: Starting 150 worker threads.
[Wed Jun 30 09:34:32.197103 2021] [ssl:warn] [pid 14312:tid 596] AH01909: www.example.com:443:0 server certificate does NOT include an ID which matches the server name
[Wed Jun 30 09:34:32.381545 2021] [ssl:warn] [pid 14312:tid 596] AH01909: www.example.com:443:0 server certificate does NOT include an ID which matches the server name
[Wed Jun 30 09:34:32.459651 2021] [mpm_winnt:notice] [pid 14312:tid 596] AH00455: Apache/2.4.48 (Win64) OpenSSL/1.1.1k PHP/8.0.7 configured -- resuming normal operations
[Wed Jun 30 09:34:32.459651 2021] [mpm_winnt:notice] [pid 14312:tid 596] AH00456: Apache Lounge VS16 Server built: May 18 2021 10:45:56
[Wed Jun 30 09:34:32.459651 2021] [core:notice] [pid 14312:tid 596] AH00094: Command line: 'c:\\xampp\\apache\\bin\\httpd.exe -d C:/xampp/apache'
[Wed Jun 30 09:34:32.459651 2021] [mpm_winnt:notice] [pid 14312:tid 596] AH00418: Parent: Created child process 13816
[Wed Jun 30 09:34:34.529414 2021] [ssl:warn] [pid 13816:tid 604] AH01909: www.example.com:443:0 server certificate does NOT include an ID which matches the server name
[Wed Jun 30 09:34:34.689741 2021] [ssl:warn] [pid 13816:tid 604] AH01909: www.example.com:443:0 server certificate does NOT include an ID which matches the server name
[Wed Jun 30 09:34:34.799096 2021] [mpm_winnt:notice] [pid 13816:tid 604] AH00354: Child: Starting 150 worker threads.
[Wed Jun 30 10:00:17.951732 2021] [php:warn] [pid 13816:tid 1896] [client 172.16.20.213:64998] PHP Warning:  Undefined array key "HTTP_HOST" in C:\\xampp\\htdocs\\index.php on line 7
[Wed Jun 30 10:13:01.759772 2021] [php:error] [pid 13816:tid 1896] [client ::1:49793] PHP Parse error:  syntax error, unexpected token "}", expecting "," or ";" in C:\\xampp\\htdocs\\Amela\\login_form\\index.php on line 39
[Wed Jun 30 13:14:28.670464 2021] [ssl:warn] [pid 8292:tid 580] AH01909: www.example.com:443:0 server certificate does NOT include an ID which matches the server name
[Wed Jun 30 13:14:28.805187 2021] [core:warn] [pid 8292:tid 580] AH00098: pid file C:/xampp/apache/logs/httpd.pid overwritten -- Unclean shutdown of previous Apache run?
[Wed Jun 30 13:14:28.820843 2021] [ssl:warn] [pid 8292:tid 580] AH01909: www.example.com:443:0 server certificate does NOT include an ID which matches the server name
[Wed Jun 30 13:14:29.185795 2021] [mpm_winnt:notice] [pid 8292:tid 580] AH00455: Apache/2.4.48 (Win64) OpenSSL/1.1.1k PHP/8.0.7 configured -- resuming normal operations
[Wed Jun 30 13:14:29.185795 2021] [mpm_winnt:notice] [pid 8292:tid 580] AH00456: Apache Lounge VS16 Server built: May 18 2021 10:45:56
[Wed Jun 30 13:14:29.185795 2021] [core:notice] [pid 8292:tid 580] AH00094: Command line: 'c:\\xampp\\apache\\bin\\httpd.exe -d C:/xampp/apache'
[Wed Jun 30 13:14:29.185795 2021] [mpm_winnt:notice] [pid 8292:tid 580] AH00418: Parent: Created child process 4680
[Wed Jun 30 13:14:30.548758 2021] [ssl:warn] [pid 4680:tid 588] AH01909: www.example.com:443:0 server certificate does NOT include an ID which matches the server name
[Wed Jun 30 13:14:30.626868 2021] [ssl:warn] [pid 4680:tid 588] AH01909: www.example.com:443:0 server certificate does NOT include an ID which matches the server name
[Wed Jun 30 13:14:30.690597 2021] [mpm_winnt:notice] [pid 4680:tid 588] AH00354: Child: Starting 150 worker threads.
[Wed Jun 30 13:42:48.265319 2021] [php:error] [pid 4680:tid 1848] [client ::1:53274] PHP Parse error:  Unclosed '{' on line 63 in C:\\xampp\\htdocs\\Amela\\number_speak\\index.php on line 133, referer: http://localhost/Amela/number_speak/
[Wed Jun 30 13:49:44.610967 2021] [php:error] [pid 4680:tid 1836] [client ::1:60849] PHP Fatal error:  Uncaught Error: Call to undefined function flour() in C:\\xampp\\htdocs\\Amela\\number_speak\\index.php:66\nStack trace:\n#0 C:\\xampp\\htdocs\\Amela\\number_speak\\index.php(21): twoDigitNumber('11')\n#1 {main}\n  thrown in C:\\xampp\\htdocs\\Amela\\number_speak\\index.php on line 66, referer: http://localhost/Amela/number_speak/
[Wed Jun 30 13:56:12.786156 2021] [php:error] [pid 4680:tid 1836] [client ::1:60078] PHP Parse error:  syntax error, unexpected token ";" in C:\\xampp\\htdocs\\Amela\\number_speak\\index.php on line 106, referer: http://localhost/Amela/number_speak/
[Wed Jun 30 15:24:28.283519 2021] [ssl:warn] [pid 11104:tid 564] AH01909: www.example.com:443:0 server certificate does NOT include an ID which matches the server name
[Wed Jun 30 15:24:28.429891 2021] [core:warn] [pid 11104:tid 564] AH00098: pid file C:/xampp/apache/logs/httpd.pid overwritten -- Unclean shutdown of previous Apache run?
[Wed Jun 30 15:24:28.437872 2021] [ssl:warn] [pid 11104:tid 564] AH01909: www.example.com:443:0 server certificate does NOT include an ID which matches the server name
[Wed Jun 30 15:24:28.823857 2021] [mpm_winnt:notice] [pid 11104:tid 564] AH00455: Apache/2.4.48 (Win64) OpenSSL/1.1.1k PHP/8.0.7 configured -- resuming normal operations
[Wed Jun 30 15:24:28.823857 2021] [mpm_winnt:notice] [pid 11104:tid 564] AH00456: Apache Lounge VS16 Server built: May 18 2021 10:45:56
[Wed Jun 30 15:24:28.823857 2021] [core:notice] [pid 11104:tid 564] AH00094: Command line: 'c:\\xampp\\apache\\bin\\httpd.exe -d C:/xampp/apache'
[Wed Jun 30 15:24:28.823857 2021] [mpm_winnt:notice] [pid 11104:tid 564] AH00418: Parent: Created child process 12092
[Wed Jun 30 15:24:30.439628 2021] [ssl:warn] [pid 12092:tid 472] AH01909: www.example.com:443:0 server certificate does NOT include an ID which matches the server name
[Wed Jun 30 15:24:30.554576 2021] [ssl:warn] [pid 12092:tid 472] AH01909: www.example.com:443:0 server certificate does NOT include an ID which matches the server name
[Wed Jun 30 15:24:30.660365 2021] [mpm_winnt:notice] [pid 12092:tid 472] AH00354: Child: Starting 150 worker threads.
[Wed Jun 30 15:25:04.414927 2021] [php:warn] [pid 12092:tid 1848] [client ::1:61034] PHP Warning:  Undefined variable $oneStr in C:\\xampp\\htdocs\\Amela\\number_speak\\index.php on line 107, referer: http://localhost/Amela/number_speak/
[Wed Jun 30 16:52:21.910637 2021] [php:error] [pid 12092:tid 1844] [client ::1:56048] PHP Parse error:  syntax error, unexpected token "++", expecting ")" in C:\\xampp\\htdocs\\amela\\calculator\\index.php on line 28, referer: http://localhost/amela/calculator/
[Wed Jun 30 16:52:33.346799 2021] [php:warn] [pid 12092:tid 1864] [client ::1:51250] PHP Warning:  Undefined variable $year in C:\\xampp\\htdocs\\amela\\calculator\\index.php on line 28, referer: http://localhost/amela/calculator/
[Wed Jun 30 20:10:39.531736 2021] [ssl:warn] [pid 7056:tid 580] AH01909: www.example.com:443:0 server certificate does NOT include an ID which matches the server name
[Wed Jun 30 20:10:39.596569 2021] [core:warn] [pid 7056:tid 580] AH00098: pid file C:/xampp/apache/logs/httpd.pid overwritten -- Unclean shutdown of previous Apache run?
[Wed Jun 30 20:10:39.599547 2021] [ssl:warn] [pid 7056:tid 580] AH01909: www.example.com:443:0 server certificate does NOT include an ID which matches the server name
[Wed Jun 30 20:10:39.761591 2021] [mpm_winnt:notice] [pid 7056:tid 580] AH00455: Apache/2.4.48 (Win64) OpenSSL/1.1.1k PHP/8.0.7 configured -- resuming normal operations
[Wed Jun 30 20:10:39.761591 2021] [mpm_winnt:notice] [pid 7056:tid 580] AH00456: Apache Lounge VS16 Server built: May 18 2021 10:45:56
[Wed Jun 30 20:10:39.761591 2021] [core:notice] [pid 7056:tid 580] AH00094: Command line: 'c:\\xampp\\apache\\bin\\httpd.exe -d C:/xampp/apache'
[Wed Jun 30 20:10:39.770565 2021] [mpm_winnt:notice] [pid 7056:tid 580] AH00418: Parent: Created child process 13116
[Wed Jun 30 20:10:41.082992 2021] [ssl:warn] [pid 13116:tid 584] AH01909: www.example.com:443:0 server certificate does NOT include an ID which matches the server name
[Wed Jun 30 20:10:41.194361 2021] [ssl:warn] [pid 13116:tid 584] AH01909: www.example.com:443:0 server certificate does NOT include an ID which matches the server name
[Wed Jun 30 20:10:41.248265 2021] [mpm_winnt:notice] [pid 13116:tid 584] AH00354: Child: Starting 150 worker threads.
[Wed Jun 30 20:37:56.298368 2021] [php:warn] [pid 13116:tid 1832] [client ::1:63401] PHP Warning:  Undefined array key "description" in C:\\xampp\\htdocs\\amela\\discount_calculator\\display_discount.php on line 2, referer: http://localhost/amela/discount_calculator/
[Wed Jun 30 20:38:03.774011 2021] [php:warn] [pid 13116:tid 1832] [client ::1:63401] PHP Warning:  Undefined array key "description" in C:\\xampp\\htdocs\\amela\\discount_calculator\\display_discount.php on line 2, referer: http://localhost/amela/discount_calculator/
[Wed Jun 30 20:48:16.433415 2021] [php:warn] [pid 13116:tid 1840] [client ::1:49421] PHP Warning:  Array to string conversion in C:\\xampp\\htdocs\\amela\\discount_calculator\\display_discount.php on line 2, referer: http://localhost/amela/discount_calculator/
[Wed Jun 30 20:48:46.652669 2021] [php:warn] [pid 13116:tid 1832] [client ::1:49635] PHP Warning:  Array to string conversion in C:\\xampp\\htdocs\\amela\\discount_calculator\\display_discount.php on line 2, referer: http://localhost/amela/discount_calculator/
[Wed Jun 30 20:48:51.370182 2021] [php:warn] [pid 13116:tid 1832] [client ::1:49635] PHP Warning:  Array to string conversion in C:\\xampp\\htdocs\\amela\\discount_calculator\\display_discount.php on line 2, referer: http://localhost/amela/discount_calculator/
[Wed Jun 30 20:49:37.661074 2021] [php:warn] [pid 13116:tid 1840] [client ::1:54213] PHP Warning:  Undefined array key "price" in C:\\xampp\\htdocs\\amela\\discount_calculator\\display_discount.php on line 2, referer: http://localhost/amela/discount_calculator/
[Wed Jun 30 20:49:43.000039 2021] [php:warn] [pid 13116:tid 1840] [client ::1:54213] PHP Warning:  Undefined array key "price" in C:\\xampp\\htdocs\\amela\\discount_calculator\\display_discount.php on line 2, referer: http://localhost/amela/discount_calculator/
[Wed Jun 30 21:00:23.119003 2021] [php:warn] [pid 13116:tid 1832] [client ::1:65495] PHP Warning:  Undefined array key "descripttion" in C:\\xampp\\htdocs\\amela\\discount_calculator\\display_discount.php on line 3, referer: http://localhost/amela/discount_calculator/
[Wed Jun 30 21:01:05.440108 2021] [php:warn] [pid 13116:tid 1840] [client ::1:60699] PHP Warning:  Undefined array key "descripttion" in C:\\xampp\\htdocs\\amela\\discount_calculator\\display_discount.php on line 3, referer: http://localhost/amela/discount_calculator/
[Wed Jun 30 21:01:08.086327 2021] [php:warn] [pid 13116:tid 1840] [client ::1:60699] PHP Warning:  Undefined array key "descripttion" in C:\\xampp\\htdocs\\amela\\discount_calculator\\display_discount.php on line 3, referer: http://localhost/amela/discount_calculator/
[Wed Jun 30 21:01:17.238649 2021] [php:warn] [pid 13116:tid 1832] [client ::1:53890] PHP Warning:  Undefined array key "description" in C:\\xampp\\htdocs\\amela\\discount_calculator\\display_discount.php on line 3, referer: http://localhost/amela/discount_calculator/
[Wed Jun 30 21:01:20.047108 2021] [php:warn] [pid 13116:tid 1832] [client ::1:53890] PHP Warning:  Undefined array key "description" in C:\\xampp\\htdocs\\amela\\discount_calculator\\display_discount.php on line 3, referer: http://localhost/amela/discount_calculator/
[Wed Jun 30 21:02:58.336914 2021] [php:warn] [pid 13116:tid 1840] [client ::1:59359] PHP Warning:  Undefined array key "description" in C:\\xampp\\htdocs\\amela\\discount_calculator\\display_discount.php on line 3, referer: http://localhost/amela/discount_calculator/
[Wed Jun 30 21:03:38.819095 2021] [php:warn] [pid 13116:tid 1840] [client ::1:52571] PHP Warning:  Undefined array key "description" in C:\\xampp\\htdocs\\amela\\discount_calculator\\display_discount.php on line 3, referer: http://localhost/amela/discount_calculator/
[Wed Jun 30 21:03:43.118945 2021] [php:warn] [pid 13116:tid 1840] [client ::1:52571] PHP Warning:  Undefined array key "description" in C:\\xampp\\htdocs\\amela\\discount_calculator\\display_discount.php on line 3, referer: http://localhost/amela/discount_calculator/
[Wed Jun 30 21:03:47.641182 2021] [php:warn] [pid 13116:tid 1840] [client ::1:52571] PHP Warning:  Undefined array key "description" in C:\\xampp\\htdocs\\amela\\discount_calculator\\display_discount.php on line 3, referer: http://localhost/amela/discount_calculator/
[Wed Jun 30 21:04:16.458904 2021] [php:warn] [pid 13116:tid 1832] [client ::1:50812] PHP Warning:  Undefined array key "price" in C:\\xampp\\htdocs\\amela\\discount_calculator\\display_discount.php on line 3, referer: http://localhost/amela/discount_calculator/
[Wed Jun 30 21:10:59.847271 2021] [php:warn] [pid 13116:tid 1832] [client ::1:57730] PHP Warning:  Undefined array key "description" in C:\\xampp\\htdocs\\amela\\discount_calculator\\display_discount.php on line 2, referer: http://localhost/amela/discount_calculator/
[Wed Jun 30 21:11:28.520169 2021] [php:warn] [pid 13116:tid 1840] [client ::1:55206] PHP Warning:  Undefined array key "description" in C:\\xampp\\htdocs\\amela\\discount_calculator\\display_discount.php on line 2, referer: http://localhost/amela/discount_calculator/
[Wed Jun 30 21:11:32.060366 2021] [php:warn] [pid 13116:tid 1840] [client ::1:55206] PHP Warning:  Undefined array key "description" in C:\\xampp\\htdocs\\amela\\discount_calculator\\display_discount.php on line 2, referer: http://localhost/amela/discount_calculator/
[Wed Jun 30 21:16:44.107436 2021] [php:warn] [pid 13116:tid 1832] [client ::1:50531] PHP Warning:  Undefined array key "price" in C:\\xampp\\htdocs\\amela\\discount_calculator\\display_discount.php on line 8, referer: http://localhost/amela/discount_calculator/
[Wed Jun 30 21:16:51.608280 2021] [php:warn] [pid 13116:tid 1840] [client ::1:54020] PHP Warning:  Undefined array key "price" in C:\\xampp\\htdocs\\amela\\discount_calculator\\display_discount.php on line 8, referer: http://localhost/amela/discount_calculator/
[Wed Jun 30 21:17:08.579976 2021] [php:warn] [pid 13116:tid 1832] [client ::1:53235] PHP Warning:  Undefined array key "price" in C:\\xampp\\htdocs\\amela\\discount_calculator\\display_discount.php on line 8, referer: http://localhost/amela/discount_calculator/
[Wed Jun 30 21:22:24.259600 2021] [php:error] [pid 13116:tid 1840] [client ::1:53506] PHP Fatal error:  Uncaught TypeError: Unsupported operand types: string * string in C:\\xampp\\htdocs\\amela\\discount_calculator\\display_discount.php:6\nStack trace:\n#0 {main}\n  thrown in C:\\xampp\\htdocs\\amela\\discount_calculator\\display_discount.php on line 6, referer: http://localhost/amela/discount_calculator/
[Wed Jun 30 23:11:37.282282 2021] [php:warn] [pid 13116:tid 1832] [client ::1:61072] PHP Warning:  Undefined variable $rec in C:\\xampp\\htdocs\\amela\\draw\\index.php on line 22, referer: http://localhost/amela/draw/
[Wed Jun 30 23:18:47.581275 2021] [php:error] [pid 13116:tid 1848] [client ::1:61968] PHP Parse error:  syntax error, unexpected token "}", expecting "," or ";" in C:\\xampp\\htdocs\\amela\\draw\\index.php on line 43, referer: http://localhost/amela/draw/
[Thu Jul 01 08:31:54.634048 2021] [ssl:warn] [pid 6520:tid 576] AH01909: www.example.com:443:0 server certificate does NOT include an ID which matches the server name
[Thu Jul 01 08:31:54.790262 2021] [core:warn] [pid 6520:tid 576] AH00098: pid file C:/xampp/apache/logs/httpd.pid overwritten -- Unclean shutdown of previous Apache run?
[Thu Jul 01 08:31:54.805933 2021] [ssl:warn] [pid 6520:tid 576] AH01909: www.example.com:443:0 server certificate does NOT include an ID which matches the server name
[Thu Jul 01 08:31:55.002137 2021] [mpm_winnt:notice] [pid 6520:tid 576] AH00455: Apache/2.4.48 (Win64) OpenSSL/1.1.1k PHP/8.0.7 configured -- resuming normal operations
[Thu Jul 01 08:31:55.003179 2021] [mpm_winnt:notice] [pid 6520:tid 576] AH00456: Apache Lounge VS16 Server built: May 18 2021 10:45:56
[Thu Jul 01 08:31:55.003179 2021] [core:notice] [pid 6520:tid 576] AH00094: Command line: 'c:\\xampp\\apache\\bin\\httpd.exe -d C:/xampp/apache'
[Thu Jul 01 08:31:55.012107 2021] [mpm_winnt:notice] [pid 6520:tid 576] AH00418: Parent: Created child process 12144
[Thu Jul 01 08:31:56.547029 2021] [ssl:warn] [pid 12144:tid 576] AH01909: www.example.com:443:0 server certificate does NOT include an ID which matches the server name
[Thu Jul 01 08:31:56.671991 2021] [ssl:warn] [pid 12144:tid 576] AH01909: www.example.com:443:0 server certificate does NOT include an ID which matches the server name
[Thu Jul 01 08:31:56.734509 2021] [mpm_winnt:notice] [pid 12144:tid 576] AH00354: Child: Starting 150 worker threads.
[Thu Jul 01 10:20:25.557064 2021] [php:error] [pid 12144:tid 1848] [client ::1:58075] PHP Parse error:  syntax error, unexpected token ";", expecting ")" in C:\\xampp\\htdocs\\amela\\customer_filter\\index.php on line 48
[Thu Jul 01 10:20:43.396318 2021] [php:error] [pid 12144:tid 1836] [client ::1:63808] PHP Parse error:  syntax error, unexpected token ";", expecting ")" in C:\\xampp\\htdocs\\amela\\customer_filter\\index.php on line 69
[Thu Jul 01 10:21:36.638630 2021] [php:error] [pid 12144:tid 1848] [client ::1:55847] PHP Parse error:  syntax error, unexpected token ";", expecting ")" in C:\\xampp\\htdocs\\amela\\customer_filter\\index.php on line 69
[Thu Jul 01 10:22:08.315807 2021] [php:warn] [pid 12144:tid 1836] [client ::1:52901] PHP Warning:  Undefined variable $cusomers in C:\\xampp\\htdocs\\amela\\customer_filter\\index.php on line 50
[Thu Jul 01 10:22:08.316853 2021] [php:error] [pid 12144:tid 1836] [client ::1:52901] PHP Fatal error:  Uncaught TypeError: count(): Argument #1 ($var) must be of type Countable|array, null given in C:\\xampp\\htdocs\\amela\\customer_filter\\index.php:80\nStack trace:\n#0 {main}\n  thrown in C:\\xampp\\htdocs\\amela\\customer_filter\\index.php on line 80
[Thu Jul 01 10:24:37.632369 2021] [php:warn] [pid 12144:tid 1848] [client ::1:62923] PHP Warning:  Undefined variable $cusomers in C:\\xampp\\htdocs\\amela\\customer_filter\\index.php on line 42
[Thu Jul 01 10:24:37.633375 2021] [php:error] [pid 12144:tid 1848] [client ::1:62923] PHP Fatal error:  Uncaught TypeError: count(): Argument #1 ($var) must be of type Countable|array, null given in C:\\xampp\\htdocs\\amela\\customer_filter\\index.php:72\nStack trace:\n#0 {main}\n  thrown in C:\\xampp\\htdocs\\amela\\customer_filter\\index.php on line 72
[Thu Jul 01 10:24:51.765280 2021] [php:warn] [pid 12144:tid 1836] [client ::1:61853] PHP Warning:  Undefined array key "profile" in C:\\xampp\\htdocs\\amela\\customer_filter\\index.php on line 84
[Thu Jul 01 10:24:51.765280 2021] [php:warn] [pid 12144:tid 1836] [client ::1:61853] PHP Warning:  Undefined array key "profile" in C:\\xampp\\htdocs\\amela\\customer_filter\\index.php on line 84
[Thu Jul 01 10:24:51.766228 2021] [php:warn] [pid 12144:tid 1836] [client ::1:61853] PHP Warning:  Undefined array key "profile" in C:\\xampp\\htdocs\\amela\\customer_filter\\index.php on line 84
[Thu Jul 01 10:24:51.767236 2021] [php:warn] [pid 12144:tid 1836] [client ::1:61853] PHP Warning:  Undefined array key "profile" in C:\\xampp\\htdocs\\amela\\customer_filter\\index.php on line 84
[Thu Jul 01 10:24:51.768220 2021] [php:warn] [pid 12144:tid 1836] [client ::1:61853] PHP Warning:  Undefined array key "profile" in C:\\xampp\\htdocs\\amela\\customer_filter\\index.php on line 84
[Thu Jul 01 10:27:13.232270 2021] [php:warn] [pid 12144:tid 1836] [client ::1:51733] PHP Warning:  Undefined array key "image" in C:\\xampp\\htdocs\\amela\\customer_filter\\index.php on line 84
[Thu Jul 01 10:27:13.233267 2021] [php:warn] [pid 12144:tid 1836] [client ::1:51733] PHP Warning:  Undefined array key "image" in C:\\xampp\\htdocs\\amela\\customer_filter\\index.php on line 84
[Thu Jul 01 10:27:13.233267 2021] [php:warn] [pid 12144:tid 1836] [client ::1:51733] PHP Warning:  Undefined array key "image" in C:\\xampp\\htdocs\\amela\\customer_filter\\index.php on line 84
[Thu Jul 01 10:27:13.234264 2021] [php:warn] [pid 12144:tid 1836] [client ::1:51733] PHP Warning:  Undefined array key "image" in C:\\xampp\\htdocs\\amela\\customer_filter\\index.php on line 84
[Thu Jul 01 10:27:13.234264 2021] [php:warn] [pid 12144:tid 1836] [client ::1:51733] PHP Warning:  Undefined array key "image" in C:\\xampp\\htdocs\\amela\\customer_filter\\index.php on line 84
[Thu Jul 01 10:27:46.750340 2021] [php:error] [pid 12144:tid 1848] [client ::1:51648] PHP Fatal error:  Uncaught TypeError: count(): Argument #1 ($var) must be of type Countable|array, null given in C:\\xampp\\htdocs\\amela\\customer_filter\\index.php:72\nStack trace:\n#0 {main}\n  thrown in C:\\xampp\\htdocs\\amela\\customer_filter\\index.php on line 72, referer: http://localhost/amela/customer_filter/
[Thu Jul 01 10:30:11.372426 2021] [php:error] [pid 12144:tid 1836] [client ::1:61950] PHP Fatal error:  Uncaught TypeError: count(): Argument #1 ($var) must be of type Countable|array, null given in C:\\xampp\\htdocs\\amela\\customer_filter\\index.php:72\nStack trace:\n#0 {main}\n  thrown in C:\\xampp\\htdocs\\amela\\customer_filter\\index.php on line 72, referer: http://localhost/amela/customer_filter/
[Thu Jul 01 10:30:56.643546 2021] [php:warn] [pid 12144:tid 1848] [client ::1:62026] PHP Warning:  Undefined array key "image" in C:\\xampp\\htdocs\\amela\\customer_filter\\index.php on line 85, referer: http://localhost/amela/customer_filter/
[Thu Jul 01 10:30:56.643546 2021] [php:warn] [pid 12144:tid 1848] [client ::1:62026] PHP Warning:  Undefined array key "image" in C:\\xampp\\htdocs\\amela\\customer_filter\\index.php on line 85, referer: http://localhost/amela/customer_filter/
[Thu Jul 01 10:31:16.023096 2021] [php:warn] [pid 12144:tid 1848] [client ::1:59088] PHP Warning:  Undefined array key "image" in C:\\xampp\\htdocs\\amela\\customer_filter\\index.php on line 85, referer: http://localhost/amela/customer_filter/
[Thu Jul 01 10:31:16.024094 2021] [php:warn] [pid 12144:tid 1848] [client ::1:59088] PHP Warning:  Undefined array key "image" in C:\\xampp\\htdocs\\amela\\customer_filter\\index.php on line 85, referer: http://localhost/amela/customer_filter/
[Thu Jul 01 10:31:50.559547 2021] [php:warn] [pid 12144:tid 1836] [client ::1:60308] PHP Warning:  Undefined array key "image" in C:\\xampp\\htdocs\\amela\\customer_filter\\index.php on line 85, referer: http://localhost/amela/customer_filter/
[Thu Jul 01 10:45:04.506103 2021] [php:warn] [pid 12144:tid 1852] [client ::1:55307] PHP Warning:  include(footer.php): Failed to open stream: No such file or directory in C:\\xampp\\htdocs\\amela\\web_layout\\index.php on line 12
[Thu Jul 01 10:45:04.508112 2021] [php:warn] [pid 12144:tid 1852] [client ::1:55307] PHP Warning:  include(): Failed opening 'footer.php' for inclusion (include_path='C:\\xampp\\php\\PEAR') in C:\\xampp\\htdocs\\amela\\web_layout\\index.php on line 12
[Thu Jul 01 12:59:19.855639 2021] [php:warn] [pid 12144:tid 1852] [client ::1:60304] PHP Warning:  Undefined variable $findMin in C:\\xampp\\htdocs\\amela\\min\\index.php on line 22
[Thu Jul 01 12:59:19.858686 2021] [php:error] [pid 12144:tid 1852] [client ::1:60304] PHP Fatal error:  Uncaught Error: Value of type null is not callable in C:\\xampp\\htdocs\\amela\\min\\index.php:22\nStack trace:\n#0 {main}\n  thrown in C:\\xampp\\htdocs\\amela\\min\\index.php on line 22
[Thu Jul 01 12:59:29.324462 2021] [php:error] [pid 12144:tid 1836] [client ::1:56912] PHP Fatal error:  Uncaught Error: Undefined constant "i" in C:\\xampp\\htdocs\\amela\\min\\index.php:12\nStack trace:\n#0 C:\\xampp\\htdocs\\amela\\min\\index.php(22): findMin(Array)\n#1 {main}\n  thrown in C:\\xampp\\htdocs\\amela\\min\\index.php on line 12
[Thu Jul 01 13:27:25.133465 2021] [php:error] [pid 12144:tid 1848] [client ::1:52408] PHP Fatal error:  Uncaught Error: Undefined constant "i" in C:\\xampp\\htdocs\\amela\\max\\index.php:13\nStack trace:\n#0 C:\\xampp\\htdocs\\amela\\max\\index.php(31): findMax(Array)\n#1 {main}\n  thrown in C:\\xampp\\htdocs\\amela\\max\\index.php on line 13
[Thu Jul 01 14:43:48.604424 2021] [php:warn] [pid 12144:tid 1848] [client ::1:56303] PHP Warning:  Undefined variable $sum in C:\\xampp\\htdocs\\amela\\exception\\index.php on line 35, referer: http://localhost/amela/exception/
[Thu Jul 01 14:43:48.605418 2021] [php:warn] [pid 12144:tid 1848] [client ::1:56303] PHP Warning:  Undefined variable $sub in C:\\xampp\\htdocs\\amela\\exception\\index.php on line 36, referer: http://localhost/amela/exception/
[Thu Jul 01 14:43:48.606416 2021] [php:warn] [pid 12144:tid 1848] [client ::1:56303] PHP Warning:  Undefined variable $multi in C:\\xampp\\htdocs\\amela\\exception\\index.php on line 37, referer: http://localhost/amela/exception/
[Thu Jul 01 14:43:48.607414 2021] [php:warn] [pid 12144:tid 1848] [client ::1:56303] PHP Warning:  Undefined variable $div in C:\\xampp\\htdocs\\amela\\exception\\index.php on line 38, referer: http://localhost/amela/exception/
[Thu Jul 01 14:47:33.684398 2021] [php:error] [pid 12144:tid 1848] [client ::1:63185] PHP Fatal error:  Uncaught Exception: Divine by zero in C:\\xampp\\htdocs\\amela\\exception\\index.php:22\nStack trace:\n#0 C:\\xampp\\htdocs\\amela\\exception\\index.php(35): calc('0', '0')\n#1 {main}\n  thrown in C:\\xampp\\htdocs\\amela\\exception\\index.php on line 22, referer: http://localhost/amela/exception/
[Thu Jul 01 14:48:50.046178 2021] [php:warn] [pid 12144:tid 1836] [client ::1:54360] PHP Warning:  Undefined variable $sum in C:\\xampp\\htdocs\\amela\\exception\\index.php on line 43, referer: http://localhost/amela/exception/
[Thu Jul 01 14:48:50.047182 2021] [php:warn] [pid 12144:tid 1836] [client ::1:54360] PHP Warning:  Undefined variable $sub in C:\\xampp\\htdocs\\amela\\exception\\index.php on line 44, referer: http://localhost/amela/exception/
[Thu Jul 01 14:48:50.050163 2021] [php:warn] [pid 12144:tid 1836] [client ::1:54360] PHP Warning:  Undefined variable $multi in C:\\xampp\\htdocs\\amela\\exception\\index.php on line 45, referer: http://localhost/amela/exception/
[Thu Jul 01 14:48:50.051160 2021] [php:warn] [pid 12144:tid 1836] [client ::1:54360] PHP Warning:  Undefined variable $div in C:\\xampp\\htdocs\\amela\\exception\\index.php on line 46, referer: http://localhost/amela/exception/
[Thu Jul 01 16:17:39.690795 2021] [php:error] [pid 12144:tid 1836] [client ::1:56722] PHP Fatal error:  Uncaught Error: Undefined constant "i" in C:\\xampp\\htdocs\\amela\\array_merge\\index.php:12\nStack trace:\n#0 {main}\n  thrown in C:\\xampp\\htdocs\\amela\\array_merge\\index.php on line 12
[Thu Jul 01 16:20:54.757480 2021] [php:error] [pid 12144:tid 1836] [client ::1:58882] PHP Fatal error:  Uncaught Error: Undefined constant "i" in C:\\xampp\\htdocs\\amela\\array_merge\\index.php:19\nStack trace:\n#0 {main}\n  thrown in C:\\xampp\\htdocs\\amela\\array_merge\\index.php on line 19
[Thu Jul 01 16:29:18.559442 2021] [php:error] [pid 12144:tid 1852] [client ::1:51020] PHP Fatal error:  Uncaught Error: Undefined constant "i" in C:\\xampp\\htdocs\\amela\\min2\\index.php:11\nStack trace:\n#0 {main}\n  thrown in C:\\xampp\\htdocs\\amela\\min2\\index.php on line 11
[Thu Jul 01 16:29:25.476600 2021] [php:error] [pid 12144:tid 1848] [client ::1:65237] PHP Fatal error:  Uncaught Error: Undefined constant "i" in C:\\xampp\\htdocs\\amela\\min2\\index.php:11\nStack trace:\n#0 {main}\n  thrown in C:\\xampp\\htdocs\\amela\\min2\\index.php on line 11
[Thu Jul 01 17:07:18.142983 2021] [php:error] [pid 12144:tid 1836] [client ::1:59522] PHP Fatal error:  Uncaught Error: Undefined constant "i" in C:\\xampp\\htdocs\\amela\\delete\\index.php:11\nStack trace:\n#0 {main}\n  thrown in C:\\xampp\\htdocs\\amela\\delete\\index.php on line 11
[Thu Jul 01 19:33:05.702507 2021] [ssl:warn] [pid 14124:tid 576] AH01909: www.example.com:443:0 server certificate does NOT include an ID which matches the server name
[Thu Jul 01 19:33:05.827514 2021] [core:warn] [pid 14124:tid 576] AH00098: pid file C:/xampp/apache/logs/httpd.pid overwritten -- Unclean shutdown of previous Apache run?
[Thu Jul 01 19:33:05.843140 2021] [ssl:warn] [pid 14124:tid 576] AH01909: www.example.com:443:0 server certificate does NOT include an ID which matches the server name
[Thu Jul 01 19:33:05.999306 2021] [mpm_winnt:notice] [pid 14124:tid 576] AH00455: Apache/2.4.48 (Win64) OpenSSL/1.1.1k PHP/8.0.7 configured -- resuming normal operations
[Thu Jul 01 19:33:05.999306 2021] [mpm_winnt:notice] [pid 14124:tid 576] AH00456: Apache Lounge VS16 Server built: May 18 2021 10:45:56
[Thu Jul 01 19:33:05.999306 2021] [core:notice] [pid 14124:tid 576] AH00094: Command line: 'c:\\xampp\\apache\\bin\\httpd.exe -d C:/xampp/apache'
[Thu Jul 01 19:33:06.014930 2021] [mpm_winnt:notice] [pid 14124:tid 576] AH00418: Parent: Created child process 8844
[Thu Jul 01 19:33:06.834628 2021] [ssl:warn] [pid 8844:tid 596] AH01909: www.example.com:443:0 server certificate does NOT include an ID which matches the server name
[Thu Jul 01 19:33:06.928333 2021] [ssl:warn] [pid 8844:tid 596] AH01909: www.example.com:443:0 server certificate does NOT include an ID which matches the server name
[Thu Jul 01 19:33:06.990820 2021] [mpm_winnt:notice] [pid 8844:tid 596] AH00354: Child: Starting 150 worker threads.
[Thu Jul 01 19:44:52.165789 2021] [php:error] [pid 8844:tid 1876] [client ::1:60017] PHP Parse error:  syntax error, unexpected token "=" in C:\\xampp\\htdocs\\amela\\count\\index.php on line 22
[Thu Jul 01 19:45:09.465709 2021] [php:error] [pid 8844:tid 1876] [client ::1:57452] PHP Fatal error:  Uncaught Error: Call to undefined function length() in C:\\xampp\\htdocs\\amela\\count\\index.php:23\nStack trace:\n#0 {main}\n  thrown in C:\\xampp\\htdocs\\amela\\count\\index.php on line 23, referer: http://localhost/amela/count/
[Thu Jul 01 19:46:26.961339 2021] [php:error] [pid 8844:tid 1868] [client ::1:60549] PHP Parse error:  syntax error, unexpected token ")", expecting ";" in C:\\xampp\\htdocs\\amela\\count\\index.php on line 23, referer: http://localhost/amela/count/
[Thu Jul 01 19:46:34.407660 2021] [php:error] [pid 8844:tid 1876] [client ::1:56692] PHP Fatal error:  Uncaught Error: Call to undefined function charAt() in C:\\xampp\\htdocs\\amela\\count\\index.php:24\nStack trace:\n#0 {main}\n  thrown in C:\\xampp\\htdocs\\amela\\count\\index.php on line 24, referer: http://localhost/amela/count/
[Thu Jul 01 21:22:19.267675 2021] [php:error] [pid 8844:tid 1876] [client ::1:55023] PHP Parse error:  syntax error, unexpected double-quoted string " c\xe1\xbb\xa7a ma tr\xe1\xba\xadn l\xc3\xa0: ", expecting "," or ";" in C:\\xampp\\htdocs\\amela\\sum_column\\index.php on line 29, referer: http://localhost/amela/sum_column/
[Fri Jul 02 08:02:02.828531 2021] [ssl:warn] [pid 13552:tid 536] AH01909: www.example.com:443:0 server certificate does NOT include an ID which matches the server name
[Fri Jul 02 08:02:03.037969 2021] [core:warn] [pid 13552:tid 536] AH00098: pid file C:/xampp/apache/logs/httpd.pid overwritten -- Unclean shutdown of previous Apache run?
[Fri Jul 02 08:02:03.053924 2021] [ssl:warn] [pid 13552:tid 536] AH01909: www.example.com:443:0 server certificate does NOT include an ID which matches the server name
[Fri Jul 02 08:02:03.335176 2021] [mpm_winnt:notice] [pid 13552:tid 536] AH00455: Apache/2.4.48 (Win64) OpenSSL/1.1.1k PHP/8.0.7 configured -- resuming normal operations
[Fri Jul 02 08:02:03.335176 2021] [mpm_winnt:notice] [pid 13552:tid 536] AH00456: Apache Lounge VS16 Server built: May 18 2021 10:45:56
[Fri Jul 02 08:02:03.339166 2021] [core:notice] [pid 13552:tid 536] AH00094: Command line: 'c:\\xampp\\apache\\bin\\httpd.exe -d C:/xampp/apache'
[Fri Jul 02 08:02:03.357117 2021] [mpm_winnt:notice] [pid 13552:tid 536] AH00418: Parent: Created child process 10464
[Fri Jul 02 08:02:05.761683 2021] [ssl:warn] [pid 10464:tid 672] AH01909: www.example.com:443:0 server certificate does NOT include an ID which matches the server name
[Fri Jul 02 08:02:06.092797 2021] [ssl:warn] [pid 10464:tid 672] AH01909: www.example.com:443:0 server certificate does NOT include an ID which matches the server name
[Fri Jul 02 08:02:06.199515 2021] [mpm_winnt:notice] [pid 10464:tid 672] AH00354: Child: Starting 150 worker threads.
[Fri Jul 02 08:06:09.284395 2021] [php:warn] [pid 10464:tid 1872] [client 172.16.21.215:55649] PHP Warning:  Undefined array key "HTTP_HOST" in C:\\xampp\\htdocs\\index.php on line 7
[Fri Jul 02 09:17:49.781407 2021] [php:error] [pid 10464:tid 1868] [client ::1:58912] PHP Fatal error:  Uncaught Error: Class "Retangle" not found in C:\\xampp\\htdocs\\amela\\rectangle\\index.php:10\nStack trace:\n#0 {main}\n  thrown in C:\\xampp\\htdocs\\amela\\rectangle\\index.php on line 10
[Fri Jul 02 09:18:00.788856 2021] [php:error] [pid 10464:tid 1872] [client ::1:63087] PHP Fatal error:  Uncaught Error: Class "Rectangle" not found in C:\\xampp\\htdocs\\amela\\rectangle\\index.php:10\nStack trace:\n#0 {main}\n  thrown in C:\\xampp\\htdocs\\amela\\rectangle\\index.php on line 10
[Fri Jul 02 09:18:14.073945 2021] [php:error] [pid 10464:tid 1868] [client ::1:56306] PHP Fatal error:  Uncaught Error: Class "Rectangle" not found in C:\\xampp\\htdocs\\amela\\rectangle\\index.php:10\nStack trace:\n#0 {main}\n  thrown in C:\\xampp\\htdocs\\amela\\rectangle\\index.php on line 10
[Fri Jul 02 09:48:50.893317 2021] [php:error] [pid 10464:tid 1864] [client ::1:53000] PHP Fatal error:  Can't use method return value in write context in C:\\xampp\\htdocs\\amela\\quadratic_equation\\index.php on line 37
[Fri Jul 02 09:50:26.527495 2021] [php:error] [pid 10464:tid 1868] [client ::1:49305] PHP Fatal error:  Uncaught ArgumentCountError: Too few arguments to function QuadraticEquation::getB(), 0 passed in C:\\xampp\\htdocs\\amela\\quadratic_equation\\QuadraticEquation.php on line 32 and exactly 1 expected in C:\\xampp\\htdocs\\amela\\quadratic_equation\\QuadraticEquation.php:19\nStack trace:\n#0 C:\\xampp\\htdocs\\amela\\quadratic_equation\\QuadraticEquation.php(32): QuadraticEquation->getB()\n#1 C:\\xampp\\htdocs\\amela\\quadratic_equation\\index.php(35): QuadraticEquation->getDiscriminant()\n#2 {main}\n  thrown in C:\\xampp\\htdocs\\amela\\quadratic_equation\\QuadraticEquation.php on line 19, referer: http://localhost/amela/quadratic_equation/?a=1&b=3&c=1
[Fri Jul 02 10:40:33.025838 2021] [php:error] [pid 10464:tid 1864] [client ::1:60838] PHP Fatal error:  Uncaught TypeError: count(): Argument #1 ($var) must be of type Countable|array, int given in C:\\xampp\\htdocs\\amela\\stop_watch\\index.php:22\nStack trace:\n#0 C:\\xampp\\htdocs\\amela\\stop_watch\\index.php(33): selectionSort(73)\n#1 {main}\n  thrown in C:\\xampp\\htdocs\\amela\\stop_watch\\index.php on line 22
[Fri Jul 02 10:41:30.747534 2021] [php:error] [pid 10464:tid 1868] [client ::1:60723] PHP Parse error:  syntax error, unexpected token "[", expecting ")" in C:\\xampp\\htdocs\\amela\\stop_watch\\index.php on line 21
[Fri Jul 02 10:42:12.185420 2021] [php:error] [pid 10464:tid 1864] [client ::1:55505] PHP Fatal error:  Uncaught TypeError: count(): Argument #1 ($var) must be of type Countable|array, int given in C:\\xampp\\htdocs\\amela\\stop_watch\\index.php:33\nStack trace:\n#0 {main}\n  thrown in C:\\xampp\\htdocs\\amela\\stop_watch\\index.php on line 33
[Fri Jul 02 10:43:25.881916 2021] [php:warn] [pid 10464:tid 1868] [client ::1:54442] PHP Warning:  Undefined array key 100 in C:\\xampp\\htdocs\\amela\\stop_watch\\index.php on line 29
[Fri Jul 02 10:43:25.882913 2021] [php:warn] [pid 10464:tid 1868] [client ::1:54442] PHP Warning:  Undefined array key 100 in C:\\xampp\\htdocs\\amela\\stop_watch\\index.php on line 29
[Fri Jul 02 10:43:25.883912 2021] [php:warn] [pid 10464:tid 1868] [client ::1:54442] PHP Warning:  Undefined array key 100 in C:\\xampp\\htdocs\\amela\\stop_watch\\index.php on line 29
[Fri Jul 02 10:43:25.883912 2021] [php:warn] [pid 10464:tid 1868] [client ::1:54442] PHP Warning:  Undefined array key 100 in C:\\xampp\\htdocs\\amela\\stop_watch\\index.php on line 29
[Fri Jul 02 10:43:25.884906 2021] [php:warn] [pid 10464:tid 1868] [client ::1:54442] PHP Warning:  Undefined array key 100 in C:\\xampp\\htdocs\\amela\\stop_watch\\index.php on line 29
[Fri Jul 02 10:43:25.884906 2021] [php:warn] [pid 10464:tid 1868] [client ::1:54442] PHP Warning:  Undefined array key 100 in C:\\xampp\\htdocs\\amela\\stop_watch\\index.php on line 29
[Fri Jul 02 10:43:25.885904 2021] [php:warn] [pid 10464:tid 1868] [client ::1:54442] PHP Warning:  Undefined array key 100 in C:\\xampp\\htdocs\\amela\\stop_watch\\index.php on line 29
[Fri Jul 02 10:43:25.886855 2021] [php:warn] [pid 10464:tid 1868] [client ::1:54442] PHP Warning:  Undefined array key 100 in C:\\xampp\\htdocs\\amela\\stop_watch\\index.php on line 29
[Fri Jul 02 10:43:25.886855 2021] [php:warn] [pid 10464:tid 1868] [client ::1:54442] PHP Warning:  Undefined array key 100 in C:\\xampp\\htdocs\\amela\\stop_watch\\index.php on line 29
[Fri Jul 02 10:43:25.887851 2021] [php:warn] [pid 10464:tid 1868] [client ::1:54442] PHP Warning:  Undefined array key 100 in C:\\xampp\\htdocs\\amela\\stop_watch\\index.php on line 29
[Fri Jul 02 10:43:25.887851 2021] [php:warn] [pid 10464:tid 1868] [client ::1:54442] PHP Warning:  Undefined array key 100 in C:\\xampp\\htdocs\\amela\\stop_watch\\index.php on line 29
[Fri Jul 02 10:43:25.888855 2021] [php:warn] [pid 10464:tid 1868] [client ::1:54442] PHP Warning:  Undefined array key 100 in C:\\xampp\\htdocs\\amela\\stop_watch\\index.php on line 29
[Fri Jul 02 10:43:25.889853 2021] [php:warn] [pid 10464:tid 1868] [client ::1:54442] PHP Warning:  Undefined array key 100 in C:\\xampp\\htdocs\\amela\\stop_watch\\index.php on line 29
[Fri Jul 02 10:43:25.889853 2021] [php:warn] [pid 10464:tid 1868] [client ::1:54442] PHP Warning:  Undefined array key 100 in C:\\xampp\\htdocs\\amela\\stop_watch\\index.php on line 29
[Fri Jul 02 10:43:25.890910 2021] [php:warn] [pid 10464:tid 1868] [client ::1:54442] PHP Warning:  Undefined array key 100 in C:\\xampp\\htdocs\\amela\\stop_watch\\index.php on line 29
[Fri Jul 02 10:43:25.891891 2021] [php:warn] [pid 10464:tid 1868] [client ::1:54442] PHP Warning:  Undefined array key 100 in C:\\xampp\\htdocs\\amela\\stop_watch\\index.php on line 29
[Fri Jul 02 10:43:25.891891 2021] [php:warn] [pid 10464:tid 1868] [client ::1:54442] PHP Warning:  Undefined array key 100 in C:\\xampp\\htdocs\\amela\\stop_watch\\index.php on line 29
[Fri Jul 02 10:43:25.892895 2021] [php:warn] [pid 10464:tid 1868] [client ::1:54442] PHP Warning:  Undefined array key 100 in C:\\xampp\\htdocs\\amela\\stop_watch\\index.php on line 29
[Fri Jul 02 10:43:25.893891 2021] [php:warn] [pid 10464:tid 1868] [client ::1:54442] PHP Warning:  Undefined array key 100 in C:\\xampp\\htdocs\\amela\\stop_watch\\index.php on line 29
[Fri Jul 02 10:43:25.893891 2021] [php:warn] [pid 10464:tid 1868] [client ::1:54442] PHP Warning:  Undefined array key 100 in C:\\xampp\\htdocs\\amela\\stop_watch\\index.php on line 29
[Fri Jul 02 10:43:25.894832 2021] [php:warn] [pid 10464:tid 1868] [client ::1:54442] PHP Warning:  Undefined array key 100 in C:\\xampp\\htdocs\\amela\\stop_watch\\index.php on line 29
[Fri Jul 02 10:43:25.895889 2021] [php:warn] [pid 10464:tid 1868] [client ::1:54442] PHP Warning:  Undefined array key 100 in C:\\xampp\\htdocs\\amela\\stop_watch\\index.php on line 29
[Fri Jul 02 10:43:25.896881 2021] [php:warn] [pid 10464:tid 1868] [client ::1:54442] PHP Warning:  Undefined array key 100 in C:\\xampp\\htdocs\\amela\\stop_watch\\index.php on line 29
[Fri Jul 02 10:43:25.897876 2021] [php:warn] [pid 10464:tid 1868] [client ::1:54442] PHP Warning:  Undefined array key 100 in C:\\xampp\\htdocs\\amela\\stop_watch\\index.php on line 29
[Fri Jul 02 10:43:25.897876 2021] [php:warn] [pid 10464:tid 1868] [client ::1:54442] PHP Warning:  Undefined array key 100 in C:\\xampp\\htdocs\\amela\\stop_watch\\index.php on line 29
[Fri Jul 02 10:43:25.898879 2021] [php:warn] [pid 10464:tid 1868] [client ::1:54442] PHP Warning:  Undefined array key 100 in C:\\xampp\\htdocs\\amela\\stop_watch\\index.php on line 29
[Fri Jul 02 10:43:25.898879 2021] [php:warn] [pid 10464:tid 1868] [client ::1:54442] PHP Warning:  Undefined array key 100 in C:\\xampp\\htdocs\\amela\\stop_watch\\index.php on line 29
[Fri Jul 02 10:43:25.899880 2021] [php:warn] [pid 10464:tid 1868] [client ::1:54442] PHP Warning:  Undefined array key 100 in C:\\xampp\\htdocs\\amela\\stop_watch\\index.php on line 29
[Fri Jul 02 10:43:25.900875 2021] [php:warn] [pid 10464:tid 1868] [client ::1:54442] PHP Warning:  Undefined array key 100 in C:\\xampp\\htdocs\\amela\\stop_watch\\index.php on line 29
[Fri Jul 02 10:43:25.900875 2021] [php:warn] [pid 10464:tid 1868] [client ::1:54442] PHP Warning:  Undefined array key 100 in C:\\xampp\\htdocs\\amela\\stop_watch\\index.php on line 29
[Fri Jul 02 10:43:25.901872 2021] [php:warn] [pid 10464:tid 1868] [client ::1:54442] PHP Warning:  Undefined array key 100 in C:\\xampp\\htdocs\\amela\\stop_watch\\index.php on line 29
[Fri Jul 02 10:43:25.901872 2021] [php:warn] [pid 10464:tid 1868] [client ::1:54442] PHP Warning:  Undefined array key 100 in C:\\xampp\\htdocs\\amela\\stop_watch\\index.php on line 29
[Fri Jul 02 10:43:25.902868 2021] [php:warn] [pid 10464:tid 1868] [client ::1:54442] PHP Warning:  Undefined array key 100 in C:\\xampp\\htdocs\\amela\\stop_watch\\index.php on line 29
[Fri Jul 02 10:43:25.903866 2021] [php:warn] [pid 10464:tid 1868] [client ::1:54442] PHP Warning:  Undefined array key 100 in C:\\xampp\\htdocs\\amela\\stop_watch\\index.php on line 29
[Fri Jul 02 10:43:25.903866 2021] [php:warn] [pid 10464:tid 1868] [client ::1:54442] PHP Warning:  Undefined array key 100 in C:\\xampp\\htdocs\\amela\\stop_watch\\index.php on line 29
[Fri Jul 02 10:43:25.904866 2021] [php:warn] [pid 10464:tid 1868] [client ::1:54442] PHP Warning:  Undefined array key 100 in C:\\xampp\\htdocs\\amela\\stop_watch\\index.php on line 29
[Fri Jul 02 10:43:25.904866 2021] [php:warn] [pid 10464:tid 1868] [client ::1:54442] PHP Warning:  Undefined array key 100 in C:\\xampp\\htdocs\\amela\\stop_watch\\index.php on line 29
[Fri Jul 02 10:43:25.905861 2021] [php:warn] [pid 10464:tid 1868] [client ::1:54442] PHP Warning:  Undefined array key 100 in C:\\xampp\\htdocs\\amela\\stop_watch\\index.php on line 29
[Fri Jul 02 10:43:25.905861 2021] [php:warn] [pid 10464:tid 1868] [client ::1:54442] PHP Warning:  Undefined array key 100 in C:\\xampp\\htdocs\\amela\\stop_watch\\index.php on line 29
[Fri Jul 02 10:43:25.906858 2021] [php:warn] [pid 10464:tid 1868] [client ::1:54442] PHP Warning:  Undefined array key 100 in C:\\xampp\\htdocs\\amela\\stop_watch\\index.php on line 29
[Fri Jul 02 10:43:25.906858 2021] [php:warn] [pid 10464:tid 1868] [client ::1:54442] PHP Warning:  Undefined array key 100 in C:\\xampp\\htdocs\\amela\\stop_watch\\index.php on line 29
[Fri Jul 02 10:43:25.907858 2021] [php:warn] [pid 10464:tid 1868] [client ::1:54442] PHP Warning:  Undefined array key 100 in C:\\xampp\\htdocs\\amela\\stop_watch\\index.php on line 29
[Fri Jul 02 10:43:25.908852 2021] [php:warn] [pid 10464:tid 1868] [client ::1:54442] PHP Warning:  Undefined array key 100 in C:\\xampp\\htdocs\\amela\\stop_watch\\index.php on line 29
[Fri Jul 02 10:43:25.908852 2021] [php:warn] [pid 10464:tid 1868] [client ::1:54442] PHP Warning:  Undefined array key 100 in C:\\xampp\\htdocs\\amela\\stop_watch\\index.php on line 29
[Fri Jul 02 10:43:25.909848 2021] [php:warn] [pid 10464:tid 1868] [client ::1:54442] PHP Warning:  Undefined array key 100 in C:\\xampp\\htdocs\\amela\\stop_watch\\index.php on line 29
[Fri Jul 02 10:43:25.909848 2021] [php:warn] [pid 10464:tid 1868] [client ::1:54442] PHP Warning:  Undefined array key 100 in C:\\xampp\\htdocs\\amela\\stop_watch\\index.php on line 29
[Fri Jul 02 10:43:25.910847 2021] [php:warn] [pid 10464:tid 1868] [client ::1:54442] PHP Warning:  Undefined array key 100 in C:\\xampp\\htdocs\\amela\\stop_watch\\index.php on line 29
[Fri Jul 02 10:43:25.911788 2021] [php:warn] [pid 10464:tid 1868] [client ::1:54442] PHP Warning:  Undefined array key 100 in C:\\xampp\\htdocs\\amela\\stop_watch\\index.php on line 29
[Fri Jul 02 10:43:25.911788 2021] [php:warn] [pid 10464:tid 1868] [client ::1:54442] PHP Warning:  Undefined array key 100 in C:\\xampp\\htdocs\\amela\\stop_watch\\index.php on line 29
[Fri Jul 02 10:43:25.912832 2021] [php:warn] [pid 10464:tid 1868] [client ::1:54442] PHP Warning:  Undefined array key 100 in C:\\xampp\\htdocs\\amela\\stop_watch\\index.php on line 29
[Fri Jul 02 10:43:25.913829 2021] [php:warn] [pid 10464:tid 1868] [client ::1:54442] PHP Warning:  Undefined array key 100 in C:\\xampp\\htdocs\\amela\\stop_watch\\index.php on line 29
[Fri Jul 02 10:43:25.913829 2021] [php:warn] [pid 10464:tid 1868] [client ::1:54442] PHP Warning:  Undefined array key 100 in C:\\xampp\\htdocs\\amela\\stop_watch\\index.php on line 29
[Fri Jul 02 10:43:25.914836 2021] [php:warn] [pid 10464:tid 1868] [client ::1:54442] PHP Warning:  Undefined array key 100 in C:\\xampp\\htdocs\\amela\\stop_watch\\index.php on line 29
[Fri Jul 02 10:43:25.914836 2021] [php:warn] [pid 10464:tid 1868] [client ::1:54442] PHP Warning:  Undefined array key 100 in C:\\xampp\\htdocs\\amela\\stop_watch\\index.php on line 29
[Fri Jul 02 10:43:25.915838 2021] [php:warn] [pid 10464:tid 1868] [client ::1:54442] PHP Warning:  Undefined array key 100 in C:\\xampp\\htdocs\\amela\\stop_watch\\index.php on line 29
[Fri Jul 02 10:43:25.915838 2021] [php:warn] [pid 10464:tid 1868] [client ::1:54442] PHP Warning:  Undefined array key 100 in C:\\xampp\\htdocs\\amela\\stop_watch\\index.php on line 29
[Fri Jul 02 10:43:25.916831 2021] [php:warn] [pid 10464:tid 1868] [client ::1:54442] PHP Warning:  Undefined array key 100 in C:\\xampp\\htdocs\\amela\\stop_watch\\index.php on line 29
[Fri Jul 02 10:43:25.916831 2021] [php:warn] [pid 10464:tid 1868] [client ::1:54442] PHP Warning:  Undefined array key 100 in C:\\xampp\\htdocs\\amela\\stop_watch\\index.php on line 29
[Fri Jul 02 10:43:25.917850 2021] [php:warn] [pid 10464:tid 1868] [client ::1:54442] PHP Warning:  Undefined array key 100 in C:\\xampp\\htdocs\\amela\\stop_watch\\index.php on line 29
[Fri Jul 02 10:43:25.918825 2021] [php:warn] [pid 10464:tid 1868] [client ::1:54442] PHP Warning:  Undefined array key 100 in C:\\xampp\\htdocs\\amela\\stop_watch\\index.php on line 29
[Fri Jul 02 10:43:25.918825 2021] [php:warn] [pid 10464:tid 1868] [client ::1:54442] PHP Warning:  Undefined array key 100 in C:\\xampp\\htdocs\\amela\\stop_watch\\index.php on line 29
[Fri Jul 02 10:43:25.919823 2021] [php:warn] [pid 10464:tid 1868] [client ::1:54442] PHP Warning:  Undefined array key 100 in C:\\xampp\\htdocs\\amela\\stop_watch\\index.php on line 29
[Fri Jul 02 10:43:25.919823 2021] [php:warn] [pid 10464:tid 1868] [client ::1:54442] PHP Warning:  Undefined array key 100 in C:\\xampp\\htdocs\\amela\\stop_watch\\index.php on line 29
[Fri Jul 02 10:43:25.920823 2021] [php:warn] [pid 10464:tid 1868] [client ::1:54442] PHP Warning:  Undefined array key 100 in C:\\xampp\\htdocs\\amela\\stop_watch\\index.php on line 29
[Fri Jul 02 10:43:25.920823 2021] [php:warn] [pid 10464:tid 1868] [client ::1:54442] PHP Warning:  Undefined array key 100 in C:\\xampp\\htdocs\\amela\\stop_watch\\index.php on line 29
[Fri Jul 02 10:43:25.921818 2021] [php:warn] [pid 10464:tid 1868] [client ::1:54442] PHP Warning:  Undefined array key 100 in C:\\xampp\\htdocs\\amela\\stop_watch\\index.php on line 29
[Fri Jul 02 10:43:25.922768 2021] [php:warn] [pid 10464:tid 1868] [client ::1:54442] PHP Warning:  Undefined array key 100 in C:\\xampp\\htdocs\\amela\\stop_watch\\index.php on line 29
[Fri Jul 02 10:43:25.923756 2021] [php:warn] [pid 10464:tid 1868] [client ::1:54442] PHP Warning:  Undefined array key 100 in C:\\xampp\\htdocs\\amela\\stop_watch\\index.php on line 29
[Fri Jul 02 10:43:25.923756 2021] [php:warn] [pid 10464:tid 1868] [client ::1:54442] PHP Warning:  Undefined array key 100 in C:\\xampp\\htdocs\\amela\\stop_watch\\index.php on line 29
[Fri Jul 02 10:43:25.924752 2021] [php:warn] [pid 10464:tid 1868] [client ::1:54442] PHP Warning:  Undefined array key 100 in C:\\xampp\\htdocs\\amela\\stop_watch\\index.php on line 29
[Fri Jul 02 10:43:25.925765 2021] [php:warn] [pid 10464:tid 1868] [client ::1:54442] PHP Warning:  Undefined array key 100 in C:\\xampp\\htdocs\\amela\\stop_watch\\index.php on line 29
[Fri Jul 02 10:43:25.926753 2021] [php:warn] [pid 10464:tid 1868] [client ::1:54442] PHP Warning:  Undefined array key 100 in C:\\xampp\\htdocs\\amela\\stop_watch\\index.php on line 29
[Fri Jul 02 10:43:25.926753 2021] [php:warn] [pid 10464:tid 1868] [client ::1:54442] PHP Warning:  Undefined array key 100 in C:\\xampp\\htdocs\\amela\\stop_watch\\index.php on line 29
[Fri Jul 02 10:43:25.927747 2021] [php:warn] [pid 10464:tid 1868] [client ::1:54442] PHP Warning:  Undefined array key 100 in C:\\xampp\\htdocs\\amela\\stop_watch\\index.php on line 29
[Fri Jul 02 10:43:25.928752 2021] [php:warn] [pid 10464:tid 1868] [client ::1:54442] PHP Warning:  Undefined array key 100 in C:\\xampp\\htdocs\\amela\\stop_watch\\index.php on line 29
[Fri Jul 02 10:43:25.929745 2021] [php:warn] [pid 10464:tid 1868] [client ::1:54442] PHP Warning:  Undefined array key 100 in C:\\xampp\\htdocs\\amela\\stop_watch\\index.php on line 29
[Fri Jul 02 10:43:25.929745 2021] [php:warn] [pid 10464:tid 1868] [client ::1:54442] PHP Warning:  Undefined array key 100 in C:\\xampp\\htdocs\\amela\\stop_watch\\index.php on line 29
[Fri Jul 02 10:43:25.930737 2021] [php:warn] [pid 10464:tid 1868] [client ::1:54442] PHP Warning:  Undefined array key 100 in C:\\xampp\\htdocs\\amela\\stop_watch\\index.php on line 29
[Fri Jul 02 10:43:25.930737 2021] [php:warn] [pid 10464:tid 1868] [client ::1:54442] PHP Warning:  Undefined array key 100 in C:\\xampp\\htdocs\\amela\\stop_watch\\index.php on line 29
[Fri Jul 02 10:43:25.931735 2021] [php:warn] [pid 10464:tid 1868] [client ::1:54442] PHP Warning:  Undefined array key 100 in C:\\xampp\\htdocs\\amela\\stop_watch\\index.php on line 29
[Fri Jul 02 10:43:25.932734 2021] [php:warn] [pid 10464:tid 1868] [client ::1:54442] PHP Warning:  Undefined array key 100 in C:\\xampp\\htdocs\\amela\\stop_watch\\index.php on line 29
[Fri Jul 02 10:43:25.933728 2021] [php:warn] [pid 10464:tid 1868] [client ::1:54442] PHP Warning:  Undefined array key 100 in C:\\xampp\\htdocs\\amela\\stop_watch\\index.php on line 29
[Fri Jul 02 10:43:25.933728 2021] [php:warn] [pid 10464:tid 1868] [client ::1:54442] PHP Warning:  Undefined array key 100 in C:\\xampp\\htdocs\\amela\\stop_watch\\index.php on line 29
[Fri Jul 02 10:43:25.934773 2021] [php:warn] [pid 10464:tid 1868] [client ::1:54442] PHP Warning:  Undefined array key 100 in C:\\xampp\\htdocs\\amela\\stop_watch\\index.php on line 29
[Fri Jul 02 10:43:25.934773 2021] [php:warn] [pid 10464:tid 1868] [client ::1:54442] PHP Warning:  Undefined array key 100 in C:\\xampp\\htdocs\\amela\\stop_watch\\index.php on line 29
[Fri Jul 02 10:43:25.935758 2021] [php:warn] [pid 10464:tid 1868] [client ::1:54442] PHP Warning:  Undefined array key 100 in C:\\xampp\\htdocs\\amela\\stop_watch\\index.php on line 29
[Fri Jul 02 10:43:25.936721 2021] [php:warn] [pid 10464:tid 1868] [client ::1:54442] PHP Warning:  Undefined array key 100 in C:\\xampp\\htdocs\\amela\\stop_watch\\index.php on line 29
[Fri Jul 02 10:43:25.937717 2021] [php:warn] [pid 10464:tid 1868] [client ::1:54442] PHP Warning:  Undefined array key 100 in C:\\xampp\\htdocs\\amela\\stop_watch\\index.php on line 29
[Fri Jul 02 10:43:25.938717 2021] [php:warn] [pid 10464:tid 1868] [client ::1:54442] PHP Warning:  Undefined array key 100 in C:\\xampp\\htdocs\\amela\\stop_watch\\index.php on line 29
[Fri Jul 02 10:43:25.939728 2021] [php:warn] [pid 10464:tid 1868] [client ::1:54442] PHP Warning:  Undefined array key 100 in C:\\xampp\\htdocs\\amela\\stop_watch\\index.php on line 29
[Fri Jul 02 10:43:25.940710 2021] [php:warn] [pid 10464:tid 1868] [client ::1:54442] PHP Warning:  Undefined array key 100 in C:\\xampp\\htdocs\\amela\\stop_watch\\index.php on line 29
[Fri Jul 02 10:43:25.940710 2021] [php:warn] [pid 10464:tid 1868] [client ::1:54442] PHP Warning:  Undefined array key 100 in C:\\xampp\\htdocs\\amela\\stop_watch\\index.php on line 29
[Fri Jul 02 10:43:25.941710 2021] [php:warn] [pid 10464:tid 1868] [client ::1:54442] PHP Warning:  Undefined array key 100 in C:\\xampp\\htdocs\\amela\\stop_watch\\index.php on line 29
[Fri Jul 02 10:43:25.942704 2021] [php:warn] [pid 10464:tid 1868] [client ::1:54442] PHP Warning:  Undefined array key 100 in C:\\xampp\\htdocs\\amela\\stop_watch\\index.php on line 29
[Fri Jul 02 10:43:25.943706 2021] [php:warn] [pid 10464:tid 1868] [client ::1:54442] PHP Warning:  Undefined array key 100 in C:\\xampp\\htdocs\\amela\\stop_watch\\index.php on line 29
[Fri Jul 02 10:43:25.944699 2021] [php:warn] [pid 10464:tid 1868] [client ::1:54442] PHP Warning:  Undefined array key 100 in C:\\xampp\\htdocs\\amela\\stop_watch\\index.php on line 29
[Fri Jul 02 10:43:25.945698 2021] [php:warn] [pid 10464:tid 1868] [client ::1:54442] PHP Warning:  Undefined array key 100 in C:\\xampp\\htdocs\\amela\\stop_watch\\index.php on line 29
[Fri Jul 02 10:43:25.946700 2021] [php:warn] [pid 10464:tid 1868] [client ::1:54442] PHP Warning:  Undefined array key 100 in C:\\xampp\\htdocs\\amela\\stop_watch\\index.php on line 29
[Fri Jul 02 10:43:25.947691 2021] [php:warn] [pid 10464:tid 1868] [client ::1:54442] PHP Warning:  Undefined array key 100 in C:\\xampp\\htdocs\\amela\\stop_watch\\index.php on line 29
[Fri Jul 02 11:00:19.021305 2021] [php:warn] [pid 10464:tid 1864] [client ::1:61524] PHP Warning:  A non-numeric value encountered in C:\\xampp\\htdocs\\amela\\stop_watch\\StopWatch.php on line 27
[Fri Jul 02 11:00:19.021305 2021] [php:warn] [pid 10464:tid 1864] [client ::1:61524] PHP Warning:  A non-numeric value encountered in C:\\xampp\\htdocs\\amela\\stop_watch\\StopWatch.php on line 27
[Fri Jul 02 11:04:49.177303 2021] [php:error] [pid 10464:tid 1864] [client ::1:53749] PHP Fatal error:  Maximum execution time of 120 seconds exceeded in C:\\xampp\\htdocs\\amela\\stop_watch\\index.php on line 26
[Sat Jul 03 21:54:49.541236 2021] [ssl:warn] [pid 7664:tid 580] AH01909: www.example.com:443:0 server certificate does NOT include an ID which matches the server name
[Sat Jul 03 21:54:49.650635 2021] [core:warn] [pid 7664:tid 580] AH00098: pid file C:/xampp/apache/logs/httpd.pid overwritten -- Unclean shutdown of previous Apache run?
[Sat Jul 03 21:54:49.650635 2021] [ssl:warn] [pid 7664:tid 580] AH01909: www.example.com:443:0 server certificate does NOT include an ID which matches the server name
[Sat Jul 03 21:54:49.791183 2021] [mpm_winnt:notice] [pid 7664:tid 580] AH00455: Apache/2.4.48 (Win64) OpenSSL/1.1.1k PHP/8.0.7 configured -- resuming normal operations
[Sat Jul 03 21:54:49.791183 2021] [mpm_winnt:notice] [pid 7664:tid 580] AH00456: Apache Lounge VS16 Server built: May 18 2021 10:45:56
[Sat Jul 03 21:54:49.791183 2021] [core:notice] [pid 7664:tid 580] AH00094: Command line: 'c:\\xampp\\apache\\bin\\httpd.exe -d C:/xampp/apache'
[Sat Jul 03 21:54:49.806853 2021] [mpm_winnt:notice] [pid 7664:tid 580] AH00418: Parent: Created child process 4304
[Sat Jul 03 21:54:51.106111 2021] [ssl:warn] [pid 4304:tid 580] AH01909: www.example.com:443:0 server certificate does NOT include an ID which matches the server name
[Sat Jul 03 21:54:51.201129 2021] [ssl:warn] [pid 4304:tid 580] AH01909: www.example.com:443:0 server certificate does NOT include an ID which matches the server name
[Sat Jul 03 21:54:51.264989 2021] [mpm_winnt:notice] [pid 4304:tid 580] AH00354: Child: Starting 150 worker threads.
[Sat Jul 03 22:03:06.802441 2021] [php:error] [pid 4304:tid 1848] [client ::1:56850] PHP Fatal error:  Uncaught Error: Call to private Application::__construct() from global scope in C:\\xampp\\htdocs\\amela\\single_pattern\\index.php:26\nStack trace:\n#0 {main}\n  thrown in C:\\xampp\\htdocs\\amela\\single_pattern\\index.php on line 26
[Sat Jul 03 22:13:10.140911 2021] [php:warn] [pid 4304:tid 1852] [client ::1:51315] PHP Warning:  include_once(Models/Product.php): Failed to open stream: No such file or directory in C:\\xampp\\htdocs\\amela\\product_management\\index.php on line 8
[Sat Jul 03 22:13:10.141904 2021] [php:warn] [pid 4304:tid 1852] [client ::1:51315] PHP Warning:  include_once(): Failed opening 'Models/Product.php' for inclusion (include_path='C:\\xampp\\php\\PEAR') in C:\\xampp\\htdocs\\amela\\product_management\\index.php on line 8
[Sat Jul 03 22:13:10.141904 2021] [php:error] [pid 4304:tid 1852] [client ::1:51315] PHP Fatal error:  Uncaught Error: Class "Models\\Product" not found in C:\\xampp\\htdocs\\amela\\product_management\\index.php:15\nStack trace:\n#0 {main}\n  thrown in C:\\xampp\\htdocs\\amela\\product_management\\index.php on line 15
[Sat Jul 03 22:14:03.944278 2021] [php:error] [pid 4304:tid 1852] [client ::1:60535] PHP Fatal error:  Uncaught Error: Class "ProductManager" not found in C:\\xampp\\htdocs\\amela\\product_management\\index.php:14\nStack trace:\n#0 {main}\n  thrown in C:\\xampp\\htdocs\\amela\\product_management\\index.php on line 14
[Sat Jul 03 22:14:22.422812 2021] [php:error] [pid 4304:tid 1844] [client ::1:60275] PHP Fatal error:  Uncaught Error: Class "Product" not found in C:\\xampp\\htdocs\\amela\\product_management\\index.php:15\nStack trace:\n#0 {main}\n  thrown in C:\\xampp\\htdocs\\amela\\product_management\\index.php on line 15
[Sun Jul 04 19:51:37.274258 2021] [ssl:warn] [pid 8968:tid 668] AH01909: www.example.com:443:0 server certificate does NOT include an ID which matches the server name
[Sun Jul 04 19:51:37.528145 2021] [core:warn] [pid 8968:tid 668] AH00098: pid file C:/xampp/apache/logs/httpd.pid overwritten -- Unclean shutdown of previous Apache run?
[Sun Jul 04 19:51:37.558641 2021] [ssl:warn] [pid 8968:tid 668] AH01909: www.example.com:443:0 server certificate does NOT include an ID which matches the server name
[Sun Jul 04 19:51:38.000602 2021] [mpm_winnt:notice] [pid 8968:tid 668] AH00455: Apache/2.4.48 (Win64) OpenSSL/1.1.1k PHP/8.0.7 configured -- resuming normal operations
[Sun Jul 04 19:51:38.000602 2021] [mpm_winnt:notice] [pid 8968:tid 668] AH00456: Apache Lounge VS16 Server built: May 18 2021 10:45:56
[Sun Jul 04 19:51:38.000602 2021] [core:notice] [pid 8968:tid 668] AH00094: Command line: 'c:\\xampp\\apache\\bin\\httpd.exe -d C:/xampp/apache'
[Sun Jul 04 19:51:38.016145 2021] [mpm_winnt:notice] [pid 8968:tid 668] AH00418: Parent: Created child process 9156
[Sun Jul 04 19:51:42.553459 2021] [ssl:warn] [pid 9156:tid 684] AH01909: www.example.com:443:0 server certificate does NOT include an ID which matches the server name
[Sun Jul 04 19:51:42.819744 2021] [ssl:warn] [pid 9156:tid 684] AH01909: www.example.com:443:0 server certificate does NOT include an ID which matches the server name
[Sun Jul 04 19:51:42.864624 2021] [mpm_winnt:notice] [pid 9156:tid 684] AH00354: Child: Starting 150 worker threads.
[Sun Jul 04 20:48:56.002048 2021] [php:error] [pid 9156:tid 1848] [client ::1:64272] PHP Fatal error:  Uncaught Error: Class "Cylinder" not found in C:\\xampp\\htdocs\\amela\\cycle_cylinder\\index.php:11\nStack trace:\n#0 {main}\n  thrown in C:\\xampp\\htdocs\\amela\\cycle_cylinder\\index.php on line 11
[Sun Jul 04 20:49:10.236847 2021] [php:error] [pid 9156:tid 1840] [client ::1:65002] PHP Fatal error:  Cannot declare class Cycle, because the name is already in use in C:\\xampp\\htdocs\\amela\\cycle_cylinder\\Cycle.php on line 2
[Sun Jul 04 20:53:12.557195 2021] [php:error] [pid 9156:tid 1840] [client ::1:57207] PHP Fatal error:  Cannot declare class Cycle, because the name is already in use in C:\\xampp\\htdocs\\amela\\cycle_cylinder\\Cycle.php on line 2
[Sun Jul 04 21:10:12.530691 2021] [php:error] [pid 9156:tid 1848] [client ::1:53514] PHP Fatal error:  Declaration of Point3D::setXY($x, $y, $z) must be compatible with Point2D::setXY($x, $y) in C:\\xampp\\htdocs\\amela\\point2d3d\\Point3D.php on line 28
[Sun Jul 04 21:11:55.532109 2021] [php:warn] [pid 9156:tid 1848] [client ::1:54459] PHP Warning:  Undefined property: Point3D::$x in C:\\xampp\\htdocs\\amela\\point2d3d\\Point3D.php on line 25
[Sun Jul 04 21:11:55.533106 2021] [php:warn] [pid 9156:tid 1848] [client ::1:54459] PHP Warning:  Undefined property: Point3D::$y in C:\\xampp\\htdocs\\amela\\point2d3d\\Point3D.php on line 25
[Sun Jul 04 21:11:55.534104 2021] [php:warn] [pid 9156:tid 1848] [client ::1:54459] PHP Warning:  Undefined property: Point3D::$x in C:\\xampp\\htdocs\\amela\\point2d3d\\Point3D.php on line 25
[Sun Jul 04 21:11:55.534104 2021] [php:warn] [pid 9156:tid 1848] [client ::1:54459] PHP Warning:  Undefined property: Point3D::$y in C:\\xampp\\htdocs\\amela\\point2d3d\\Point3D.php on line 25
[Sun Jul 04 21:11:55.535101 2021] [php:warn] [pid 9156:tid 1848] [client ::1:54459] PHP Warning:  Undefined property: Point3D::$x in C:\\xampp\\htdocs\\amela\\point2d3d\\Point3D.php on line 25
[Sun Jul 04 21:11:55.536099 2021] [php:warn] [pid 9156:tid 1848] [client ::1:54459] PHP Warning:  Undefined property: Point3D::$y in C:\\xampp\\htdocs\\amela\\point2d3d\\Point3D.php on line 25
[Sun Jul 04 21:28:08.173235 2021] [php:error] [pid 9156:tid 1848] [client ::1:61536] PHP Parse error:  syntax error, unexpected token "}", expecting ";" in C:\\xampp\\htdocs\\amela\\movable_point\\MovablePoint.php on line 49
[Sun Jul 04 21:50:59.285409 2021] [php:error] [pid 9156:tid 1848] [client ::1:53096] PHP Parse error:  syntax error, unexpected variable "$this" in C:\\xampp\\htdocs\\amela\\triangle\\Triangle.php on line 14
[Sun Jul 04 21:51:59.295101 2021] [php:error] [pid 9156:tid 1840] [client ::1:56708] PHP Parse error:  syntax error, unexpected token "}", expecting ";" in C:\\xampp\\htdocs\\amela\\triangle\\Triangle.php on line 56
[Sun Jul 04 21:52:10.648732 2021] [php:error] [pid 9156:tid 1848] [client ::1:59253] PHP Fatal error:  Uncaught Error: Undefined constant "p" in C:\\xampp\\htdocs\\amela\\triangle\\Triangle.php:55\nStack trace:\n#0 C:\\xampp\\htdocs\\amela\\triangle\\Triangle.php(62): Triangle->getArea()\n#1 C:\\xampp\\htdocs\\amela\\triangle\\index.php(14): Triangle->__toString()\n#2 {main}\n  thrown in C:\\xampp\\htdocs\\amela\\triangle\\Triangle.php on line 55
[Sun Jul 04 23:00:18.426557 2021] [php:warn] [pid 9156:tid 1848] [client ::1:54414] PHP Warning:  include(CircleComparator.php): Failed to open stream: No such file or directory in C:\\xampp\\htdocs\\amela\\comparator\\index.php on line 8
[Sun Jul 04 23:00:18.428540 2021] [php:warn] [pid 9156:tid 1848] [client ::1:54414] PHP Warning:  include(): Failed opening 'CircleComparator.php' for inclusion (include_path='C:\\xampp\\php\\PEAR') in C:\\xampp\\htdocs\\amela\\comparator\\index.php on line 8
[Sun Jul 04 23:00:18.429565 2021] [php:error] [pid 9156:tid 1848] [client ::1:54414] PHP Fatal error:  Uncaught Error: Class "Circle" not found in C:\\xampp\\htdocs\\amela\\comparator\\index.php:10\nStack trace:\n#0 {main}\n  thrown in C:\\xampp\\htdocs\\amela\\comparator\\index.php on line 10
[Sun Jul 04 23:01:07.546555 2021] [php:error] [pid 9156:tid 1840] [client ::1:58514] PHP Fatal error:  Uncaught Error: Class "CircleComparator" not found in C:\\xampp\\htdocs\\amela\\comparator\\index.php:12\nStack trace:\n#0 {main}\n  thrown in C:\\xampp\\htdocs\\amela\\comparator\\index.php on line 12
[Sun Jul 04 23:01:21.388262 2021] [php:error] [pid 9156:tid 1848] [client ::1:62093] PHP Fatal error:  Uncaught ArgumentCountError: Too few arguments to function Circle::__construct(), 0 passed in C:\\xampp\\htdocs\\amela\\comparator\\index.php on line 12 and exactly 2 expected in C:\\xampp\\htdocs\\amela\\comparator\\Circle.php:7\nStack trace:\n#0 C:\\xampp\\htdocs\\amela\\comparator\\index.php(12): Circle->__construct()\n#1 {main}\n  thrown in C:\\xampp\\htdocs\\amela\\comparator\\Circle.php on line 7
[Sun Jul 04 23:03:11.861810 2021] [php:error] [pid 9156:tid 1840] [client ::1:59153] PHP Fatal error:  Uncaught ArgumentCountError: Too few arguments to function Circle::__construct(), 0 passed in C:\\xampp\\htdocs\\amela\\comparator\\index.php on line 12 and exactly 2 expected in C:\\xampp\\htdocs\\amela\\comparator\\Circle.php:7\nStack trace:\n#0 C:\\xampp\\htdocs\\amela\\comparator\\index.php(12): Circle->__construct()\n#1 {main}\n  thrown in C:\\xampp\\htdocs\\amela\\comparator\\Circle.php on line 7
[Sun Jul 04 23:19:17.613524 2021] [php:error] [pid 9156:tid 1840] [client ::1:62819] PHP Parse error:  syntax error, unexpected token "{" in C:\\xampp\\htdocs\\amela\\php-shape\\Rectangle.php on line 12
[Sun Jul 04 23:54:09.693953 2021] [php:error] [pid 9156:tid 1840] [client ::1:51862] PHP Parse error:  syntax error, unexpected token "}", expecting "," or ";" in C:\\xampp\\htdocs\\amela\\php-shape\\Square.php on line 28
[Mon Jul 05 08:26:03.083829 2021] [ssl:warn] [pid 11072:tid 580] AH01909: www.example.com:443:0 server certificate does NOT include an ID which matches the server name
[Mon Jul 05 08:26:03.256362 2021] [core:warn] [pid 11072:tid 580] AH00098: pid file C:/xampp/apache/logs/httpd.pid overwritten -- Unclean shutdown of previous Apache run?
[Mon Jul 05 08:26:03.269334 2021] [ssl:warn] [pid 11072:tid 580] AH01909: www.example.com:443:0 server certificate does NOT include an ID which matches the server name
[Mon Jul 05 08:26:03.454880 2021] [mpm_winnt:notice] [pid 11072:tid 580] AH00455: Apache/2.4.48 (Win64) OpenSSL/1.1.1k PHP/8.0.7 configured -- resuming normal operations
[Mon Jul 05 08:26:03.454880 2021] [mpm_winnt:notice] [pid 11072:tid 580] AH00456: Apache Lounge VS16 Server built: May 18 2021 10:45:56
[Mon Jul 05 08:26:03.454880 2021] [core:notice] [pid 11072:tid 580] AH00094: Command line: 'c:\\xampp\\apache\\bin\\httpd.exe -d C:/xampp/apache'
[Mon Jul 05 08:26:03.457849 2021] [mpm_winnt:notice] [pid 11072:tid 580] AH00418: Parent: Created child process 15328
[Mon Jul 05 08:26:05.246254 2021] [ssl:warn] [pid 15328:tid 588] AH01909: www.example.com:443:0 server certificate does NOT include an ID which matches the server name
[Mon Jul 05 08:26:05.391459 2021] [ssl:warn] [pid 15328:tid 588] AH01909: www.example.com:443:0 server certificate does NOT include an ID which matches the server name
[Mon Jul 05 08:26:05.449305 2021] [mpm_winnt:notice] [pid 15328:tid 588] AH00354: Child: Starting 150 worker threads.
